.build-tmp/app/intermediates/manifest_merge_blame_file/debug/processDebugMainManifest/manifest-merger-blame-debug-report.txt
1<?xml version="1.0" encoding="utf-8"?>
2<manifest xmlns:android="http://schemas.android.com/apk/res/android"
3    package="com.example.engtest"
4    android:versionCode="1"
5    android:versionName="1.0" >
6
7    <uses-sdk
8        android:minSdkVersion="26"
9        android:targetSdkVersion="34" />
10
11    <uses-permission android:name="android.permission.INTERNET" />
11-->src\main\AndroidManifest.xml:3:5-67
11-->src\main\AndroidManifest.xml:3:22-64
12    <uses-permission android:name="android.permission.ACCESS_NETWORK_STATE" />
12-->src\main\AndroidManifest.xml:4:5-79
12-->src\main\AndroidManifest.xml:4:22-76
13    <uses-permission android:name="android.permission.WAKE_LOCK" />
13-->[androidx.work:work-runtime:2.9.0] AndroidManifest.xml:23:5-68
13-->[androidx.work:work-runtime:2.9.0] AndroidManifest.xml:23:22-65
14    <uses-permission android:name="android.permission.RECEIVE_BOOT_COMPLETED" />
14-->[androidx.work:work-runtime:2.9.0] AndroidManifest.xml:25:5-81
14-->[androidx.work:work-runtime:2.9.0] AndroidManifest.xml:25:22-78
15    <uses-permission android:name="android.permission.FOREGROUND_SERVICE" />
15-->[androidx.work:work-runtime:2.9.0] AndroidManifest.xml:26:5-77
15-->[androidx.work:work-runtime:2.9.0] AndroidManifest.xml:26:22-74
16
17    <permission
17-->[androidx.core:core:1.12.0] AndroidManifest.xml:22:5-24:47
18        android:name="com.example.engtest.DYNAMIC_RECEIVER_NOT_EXPORTED_PERMISSION"
18-->[androidx.core:core:1.12.0] AndroidManifest.xml:23:9-81
19        android:protectionLevel="signature" />
19-->[androidx.core:core:1.12.0] AndroidManifest.xml:24:9-44
20
21    <uses-permission android:name="com.example.engtest.DYNAMIC_RECEIVER_NOT_EXPORTED_PERMISSION" />
21-->[androidx.core:core:1.12.0] AndroidManifest.xml:26:5-97
21-->[androidx.core:core:1.12.0] AndroidManifest.xml:26:22-94
22
23    <application
23-->src\main\AndroidManifest.xml:5:5-22:19
24        android:name="com.example.engtest.EngTestApplication"
24-->src\main\AndroidManifest.xml:6:9-43
25        android:allowBackup="true"
25-->src\main\AndroidManifest.xml:7:9-35
26        android:appComponentFactory="androidx.core.app.CoreComponentFactory"
26-->[androidx.core:core:1.12.0] AndroidManifest.xml:28:18-86
27        android:debuggable="true"
28        android:extractNativeLibs="false"
29        android:icon="@mipmap/ic_launcher"
29-->src\main\AndroidManifest.xml:8:9-43
30        android:label="@string/app_name"
30-->src\main\AndroidManifest.xml:9:9-41
31        android:roundIcon="@mipmap/ic_launcher_round"
31-->src\main\AndroidManifest.xml:10:9-54
32        android:supportsRtl="true"
32-->src\main\AndroidManifest.xml:11:9-35
33        android:testOnly="true"
34        android:theme="@style/Theme.EngTest" >
34-->src\main\AndroidManifest.xml:12:9-45
35        <activity
35-->src\main\AndroidManifest.xml:13:9-21:20
36            android:name="com.example.engtest.MainActivity"
36-->src\main\AndroidManifest.xml:14:13-41
37            android:exported="true"
37-->src\main\AndroidManifest.xml:15:13-36
38            android:theme="@style/Theme.EngTest" >
38-->src\main\AndroidManifest.xml:16:13-49
39            <intent-filter>
39-->src\main\AndroidManifest.xml:17:13-20:29
40                <action android:name="android.intent.action.MAIN" />
40-->src\main\AndroidManifest.xml:18:17-69
40-->src\main\AndroidManifest.xml:18:25-66
41
42                <category android:name="android.intent.category.LAUNCHER" />
42-->src\main\AndroidManifest.xml:19:17-77
42-->src\main\AndroidManifest.xml:19:27-74
43            </intent-filter>
44        </activity>
45
46        <provider
46-->[androidx.work:work-runtime:2.9.0] AndroidManifest.xml:29:9-37:20
47            android:name="androidx.startup.InitializationProvider"
47-->[androidx.work:work-runtime:2.9.0] AndroidManifest.xml:30:13-67
48            android:authorities="com.example.engtest.androidx-startup"
48-->[androidx.work:work-runtime:2.9.0] AndroidManifest.xml:31:13-68
49            android:exported="false" >
49-->[androidx.work:work-runtime:2.9.0] AndroidManifest.xml:32:13-37
50            <meta-data
50-->[androidx.work:work-runtime:2.9.0] AndroidManifest.xml:34:13-36:52
51                android:name="androidx.work.WorkManagerInitializer"
51-->[androidx.work:work-runtime:2.9.0] AndroidManifest.xml:35:17-68
52                android:value="androidx.startup" />
52-->[androidx.work:work-runtime:2.9.0] AndroidManifest.xml:36:17-49
53            <meta-data
53-->[androidx.emoji2:emoji2:1.3.0] AndroidManifest.xml:29:13-31:52
54                android:name="androidx.emoji2.text.EmojiCompatInitializer"
54-->[androidx.emoji2:emoji2:1.3.0] AndroidManifest.xml:30:17-75
55                android:value="androidx.startup" />
55-->[androidx.emoji2:emoji2:1.3.0] AndroidManifest.xml:31:17-49
56            <meta-data
56-->[androidx.lifecycle:lifecycle-process:2.7.0] AndroidManifest.xml:29:13-31:52
57                android:name="androidx.lifecycle.ProcessLifecycleInitializer"
57-->[androidx.lifecycle:lifecycle-process:2.7.0] AndroidManifest.xml:30:17-78
58                android:value="androidx.startup" />
58-->[androidx.lifecycle:lifecycle-process:2.7.0] AndroidManifest.xml:31:17-49
59            <meta-data
59-->[androidx.profileinstaller:profileinstaller:1.3.0] AndroidManifest.xml:29:13-31:52
60                android:name="androidx.profileinstaller.ProfileInstallerInitializer"
60-->[androidx.profileinstaller:profileinstaller:1.3.0] AndroidManifest.xml:30:17-85
61                android:value="androidx.startup" />
61-->[androidx.profileinstaller:profileinstaller:1.3.0] AndroidManifest.xml:31:17-49
62        </provider>
63
64        <service
64-->[androidx.work:work-runtime:2.9.0] AndroidManifest.xml:39:9-45:35
65            android:name="androidx.work.impl.background.systemalarm.SystemAlarmService"
65-->[androidx.work:work-runtime:2.9.0] AndroidManifest.xml:40:13-88
66            android:directBootAware="false"
66-->[androidx.work:work-runtime:2.9.0] AndroidManifest.xml:41:13-44
67            android:enabled="@bool/enable_system_alarm_service_default"
67-->[androidx.work:work-runtime:2.9.0] AndroidManifest.xml:42:13-72
68            android:exported="false" />
68-->[androidx.work:work-runtime:2.9.0] AndroidManifest.xml:43:13-37
69        <service
69-->[androidx.work:work-runtime:2.9.0] AndroidManifest.xml:46:9-52:35
70            android:name="androidx.work.impl.background.systemjob.SystemJobService"
70-->[androidx.work:work-runtime:2.9.0] AndroidManifest.xml:47:13-84
71            android:directBootAware="false"
71-->[androidx.work:work-runtime:2.9.0] AndroidManifest.xml:48:13-44
72            android:enabled="@bool/enable_system_job_service_default"
72-->[androidx.work:work-runtime:2.9.0] AndroidManifest.xml:49:13-70
73            android:exported="true"
73-->[androidx.work:work-runtime:2.9.0] AndroidManifest.xml:50:13-36
74            android:permission="android.permission.BIND_JOB_SERVICE" />
74-->[androidx.work:work-runtime:2.9.0] AndroidManifest.xml:51:13-69
75        <service
75-->[androidx.work:work-runtime:2.9.0] AndroidManifest.xml:53:9-59:35
76            android:name="androidx.work.impl.foreground.SystemForegroundService"
76-->[androidx.work:work-runtime:2.9.0] AndroidManifest.xml:54:13-81
77            android:directBootAware="false"
77-->[androidx.work:work-runtime:2.9.0] AndroidManifest.xml:55:13-44
78            android:enabled="@bool/enable_system_foreground_service_default"
78-->[androidx.work:work-runtime:2.9.0] AndroidManifest.xml:56:13-77
79            android:exported="false" />
79-->[androidx.work:work-runtime:2.9.0] AndroidManifest.xml:57:13-37
80
81        <receiver
81-->[androidx.work:work-runtime:2.9.0] AndroidManifest.xml:61:9-66:35
82            android:name="androidx.work.impl.utils.ForceStopRunnable$BroadcastReceiver"
82-->[androidx.work:work-runtime:2.9.0] AndroidManifest.xml:62:13-88
83            android:directBootAware="false"
83-->[androidx.work:work-runtime:2.9.0] AndroidManifest.xml:63:13-44
84            android:enabled="true"
84-->[androidx.work:work-runtime:2.9.0] AndroidManifest.xml:64:13-35
85            android:exported="false" />
85-->[androidx.work:work-runtime:2.9.0] AndroidManifest.xml:65:13-37
86        <receiver
86-->[androidx.work:work-runtime:2.9.0] AndroidManifest.xml:67:9-77:20
87            android:name="androidx.work.impl.background.systemalarm.ConstraintProxy$BatteryChargingProxy"
87-->[androidx.work:work-runtime:2.9.0] AndroidManifest.xml:68:13-106
88            android:directBootAware="false"
88-->[androidx.work:work-runtime:2.9.0] AndroidManifest.xml:69:13-44
89            android:enabled="false"
89-->[androidx.work:work-runtime:2.9.0] AndroidManifest.xml:70:13-36
90            android:exported="false" >
90-->[androidx.work:work-runtime:2.9.0] AndroidManifest.xml:71:13-37
91            <intent-filter>
91-->[androidx.work:work-runtime:2.9.0] AndroidManifest.xml:73:13-76:29
92                <action android:name="android.intent.action.ACTION_POWER_CONNECTED" />
92-->[androidx.work:work-runtime:2.9.0] AndroidManifest.xml:74:17-87
92-->[androidx.work:work-runtime:2.9.0] AndroidManifest.xml:74:25-84
93                <action android:name="android.intent.action.ACTION_POWER_DISCONNECTED" />
93-->[androidx.work:work-runtime:2.9.0] AndroidManifest.xml:75:17-90
93-->[androidx.work:work-runtime:2.9.0] AndroidManifest.xml:75:25-87
94            </intent-filter>
95        </receiver>
96        <receiver
96-->[androidx.work:work-runtime:2.9.0] AndroidManifest.xml:78:9-88:20
97            android:name="androidx.work.impl.background.systemalarm.ConstraintProxy$BatteryNotLowProxy"
97-->[androidx.work:work-runtime:2.9.0] AndroidManifest.xml:79:13-104
98            android:directBootAware="false"
98-->[androidx.work:work-runtime:2.9.0] AndroidManifest.xml:80:13-44
99            android:enabled="false"
99-->[androidx.work:work-runtime:2.9.0] AndroidManifest.xml:81:13-36
100            android:exported="false" >
100-->[androidx.work:work-runtime:2.9.0] AndroidManifest.xml:82:13-37
101            <intent-filter>
101-->[androidx.work:work-runtime:2.9.0] AndroidManifest.xml:84:13-87:29
102                <action android:name="android.intent.action.BATTERY_OKAY" />
102-->[androidx.work:work-runtime:2.9.0] AndroidManifest.xml:85:17-77
102-->[androidx.work:work-runtime:2.9.0] AndroidManifest.xml:85:25-74
103                <action android:name="android.intent.action.BATTERY_LOW" />
103-->[androidx.work:work-runtime:2.9.0] AndroidManifest.xml:86:17-76
103-->[androidx.work:work-runtime:2.9.0] AndroidManifest.xml:86:25-73
104            </intent-filter>
105        </receiver>
106        <receiver
106-->[androidx.work:work-runtime:2.9.0] AndroidManifest.xml:89:9-99:20
107            android:name="androidx.work.impl.background.systemalarm.ConstraintProxy$StorageNotLowProxy"
107-->[androidx.work:work-runtime:2.9.0] AndroidManifest.xml:90:13-104
108            android:directBootAware="false"
108-->[androidx.work:work-runtime:2.9.0] AndroidManifest.xml:91:13-44
109            android:enabled="false"
109-->[androidx.work:work-runtime:2.9.0] AndroidManifest.xml:92:13-36
110            android:exported="false" >
110-->[androidx.work:work-runtime:2.9.0] AndroidManifest.xml:93:13-37
111            <intent-filter>
111-->[androidx.work:work-runtime:2.9.0] AndroidManifest.xml:95:13-98:29
112                <action android:name="android.intent.action.DEVICE_STORAGE_LOW" />
112-->[androidx.work:work-runtime:2.9.0] AndroidManifest.xml:96:17-83
112-->[androidx.work:work-runtime:2.9.0] AndroidManifest.xml:96:25-80
113                <action android:name="android.intent.action.DEVICE_STORAGE_OK" />
113-->[androidx.work:work-runtime:2.9.0] AndroidManifest.xml:97:17-82
113-->[androidx.work:work-runtime:2.9.0] AndroidManifest.xml:97:25-79
114            </intent-filter>
115        </receiver>
116        <receiver
116-->[androidx.work:work-runtime:2.9.0] AndroidManifest.xml:100:9-109:20
117            android:name="androidx.work.impl.background.systemalarm.ConstraintProxy$NetworkStateProxy"
117-->[androidx.work:work-runtime:2.9.0] AndroidManifest.xml:101:13-103
118            android:directBootAware="false"
118-->[androidx.work:work-runtime:2.9.0] AndroidManifest.xml:102:13-44
119            android:enabled="false"
119-->[androidx.work:work-runtime:2.9.0] AndroidManifest.xml:103:13-36
120            android:exported="false" >
120-->[androidx.work:work-runtime:2.9.0] AndroidManifest.xml:104:13-37
121            <intent-filter>
121-->[androidx.work:work-runtime:2.9.0] AndroidManifest.xml:106:13-108:29
122                <action android:name="android.net.conn.CONNECTIVITY_CHANGE" />
122-->[androidx.work:work-runtime:2.9.0] AndroidManifest.xml:107:17-79
122-->[androidx.work:work-runtime:2.9.0] AndroidManifest.xml:107:25-76
123            </intent-filter>
124        </receiver>
125        <receiver
125-->[androidx.work:work-runtime:2.9.0] AndroidManifest.xml:110:9-121:20
126            android:name="androidx.work.impl.background.systemalarm.RescheduleReceiver"
126-->[androidx.work:work-runtime:2.9.0] AndroidManifest.xml:111:13-88
127            android:directBootAware="false"
127-->[androidx.work:work-runtime:2.9.0] AndroidManifest.xml:112:13-44
128            android:enabled="false"
128-->[androidx.work:work-runtime:2.9.0] AndroidManifest.xml:113:13-36
129            android:exported="false" >
129-->[androidx.work:work-runtime:2.9.0] AndroidManifest.xml:114:13-37
130            <intent-filter>
130-->[androidx.work:work-runtime:2.9.0] AndroidManifest.xml:116:13-120:29
131                <action android:name="android.intent.action.BOOT_COMPLETED" />
131-->[androidx.work:work-runtime:2.9.0] AndroidManifest.xml:117:17-79
131-->[androidx.work:work-runtime:2.9.0] AndroidManifest.xml:117:25-76
132                <action android:name="android.intent.action.TIME_SET" />
132-->[androidx.work:work-runtime:2.9.0] AndroidManifest.xml:118:17-73
132-->[androidx.work:work-runtime:2.9.0] AndroidManifest.xml:118:25-70
133                <action android:name="android.intent.action.TIMEZONE_CHANGED" />
133-->[androidx.work:work-runtime:2.9.0] AndroidManifest.xml:119:17-81
133-->[androidx.work:work-runtime:2.9.0] AndroidManifest.xml:119:25-78
134            </intent-filter>
135        </receiver>
136        <receiver
136-->[androidx.work:work-runtime:2.9.0] AndroidManifest.xml:122:9-131:20
137            android:name="androidx.work.impl.background.systemalarm.ConstraintProxyUpdateReceiver"
137-->[androidx.work:work-runtime:2.9.0] AndroidManifest.xml:123:13-99
138            android:directBootAware="false"
138-->[androidx.work:work-runtime:2.9.0] AndroidManifest.xml:124:13-44
139            android:enabled="@bool/enable_system_alarm_service_default"
139-->[androidx.work:work-runtime:2.9.0] AndroidManifest.xml:125:13-72
140            android:exported="false" >
140-->[androidx.work:work-runtime:2.9.0] AndroidManifest.xml:126:13-37
141            <intent-filter>
141-->[androidx.work:work-runtime:2.9.0] AndroidManifest.xml:128:13-130:29
142                <action android:name="androidx.work.impl.background.systemalarm.UpdateProxies" />
142-->[androidx.work:work-runtime:2.9.0] AndroidManifest.xml:129:17-98
142-->[androidx.work:work-runtime:2.9.0] AndroidManifest.xml:129:25-95
143            </intent-filter>
144        </receiver>
145        <receiver
145-->[androidx.work:work-runtime:2.9.0] AndroidManifest.xml:132:9-142:20
146            android:name="androidx.work.impl.diagnostics.DiagnosticsReceiver"
146-->[androidx.work:work-runtime:2.9.0] AndroidManifest.xml:133:13-78
147            android:directBootAware="false"
147-->[androidx.work:work-runtime:2.9.0] AndroidManifest.xml:134:13-44
148            android:enabled="true"
148-->[androidx.work:work-runtime:2.9.0] AndroidManifest.xml:135:13-35
149            android:exported="true"
149-->[androidx.work:work-runtime:2.9.0] AndroidManifest.xml:136:13-36
150            android:permission="android.permission.DUMP" >
150-->[androidx.work:work-runtime:2.9.0] AndroidManifest.xml:137:13-57
151            <intent-filter>
151-->[androidx.work:work-runtime:2.9.0] AndroidManifest.xml:139:13-141:29
152                <action android:name="androidx.work.diagnostics.REQUEST_DIAGNOSTICS" />
152-->[androidx.work:work-runtime:2.9.0] AndroidManifest.xml:140:17-88
152-->[androidx.work:work-runtime:2.9.0] AndroidManifest.xml:140:25-85
153            </intent-filter>
154        </receiver>
155
156        <activity
156-->[androidx.compose.ui:ui-test-manifest:1.6.1] AndroidManifest.xml:23:9-25:39
157            android:name="androidx.activity.ComponentActivity"
157-->[androidx.compose.ui:ui-test-manifest:1.6.1] AndroidManifest.xml:24:13-63
158            android:exported="true" />
158-->[androidx.compose.ui:ui-test-manifest:1.6.1] AndroidManifest.xml:25:13-36
159        <activity
159-->[androidx.compose.ui:ui-tooling-android:1.6.1] AndroidManifest.xml:23:9-25:39
160            android:name="androidx.compose.ui.tooling.PreviewActivity"
160-->[androidx.compose.ui:ui-tooling-android:1.6.1] AndroidManifest.xml:24:13-71
161            android:exported="true" />
161-->[androidx.compose.ui:ui-tooling-android:1.6.1] AndroidManifest.xml:25:13-36
162
163        <service
163-->[androidx.room:room-runtime:2.6.1] AndroidManifest.xml:24:9-28:63
164            android:name="androidx.room.MultiInstanceInvalidationService"
164-->[androidx.room:room-runtime:2.6.1] AndroidManifest.xml:25:13-74
165            android:directBootAware="true"
165-->[androidx.room:room-runtime:2.6.1] AndroidManifest.xml:26:13-43
166            android:exported="false" />
166-->[androidx.room:room-runtime:2.6.1] AndroidManifest.xml:27:13-37
167
168        <receiver
168-->[androidx.profileinstaller:profileinstaller:1.3.0] AndroidManifest.xml:34:9-52:20
169            android:name="androidx.profileinstaller.ProfileInstallReceiver"
169-->[androidx.profileinstaller:profileinstaller:1.3.0] AndroidManifest.xml:35:13-76
170            android:directBootAware="false"
170-->[androidx.profileinstaller:profileinstaller:1.3.0] AndroidManifest.xml:36:13-44
171            android:enabled="true"
171-->[androidx.profileinstaller:profileinstaller:1.3.0] AndroidManifest.xml:37:13-35
172            android:exported="true"
172-->[androidx.profileinstaller:profileinstaller:1.3.0] AndroidManifest.xml:38:13-36
173            android:permission="android.permission.DUMP" >
173-->[androidx.profileinstaller:profileinstaller:1.3.0] AndroidManifest.xml:39:13-57
174            <intent-filter>
174-->[androidx.profileinstaller:profileinstaller:1.3.0] AndroidManifest.xml:40:13-42:29
175                <action android:name="androidx.profileinstaller.action.INSTALL_PROFILE" />
175-->[androidx.profileinstaller:profileinstaller:1.3.0] AndroidManifest.xml:41:17-91
175-->[androidx.profileinstaller:profileinstaller:1.3.0] AndroidManifest.xml:41:25-88
176            </intent-filter>
177            <intent-filter>
177-->[androidx.profileinstaller:profileinstaller:1.3.0] AndroidManifest.xml:43:13-45:29
178                <action android:name="androidx.profileinstaller.action.SKIP_FILE" />
178-->[androidx.profileinstaller:profileinstaller:1.3.0] AndroidManifest.xml:44:17-85
178-->[androidx.profileinstaller:profileinstaller:1.3.0] AndroidManifest.xml:44:25-82
179            </intent-filter>
180            <intent-filter>
180-->[androidx.profileinstaller:profileinstaller:1.3.0] AndroidManifest.xml:46:13-48:29
181                <action android:name="androidx.profileinstaller.action.SAVE_PROFILE" />
181-->[androidx.profileinstaller:profileinstaller:1.3.0] AndroidManifest.xml:47:17-88
181-->[androidx.profileinstaller:profileinstaller:1.3.0] AndroidManifest.xml:47:25-85
182            </intent-filter>
183            <intent-filter>
183-->[androidx.profileinstaller:profileinstaller:1.3.0] AndroidManifest.xml:49:13-51:29
184                <action android:name="androidx.profileinstaller.action.BENCHMARK_OPERATION" />
184-->[androidx.profileinstaller:profileinstaller:1.3.0] AndroidManifest.xml:50:17-95
184-->[androidx.profileinstaller:profileinstaller:1.3.0] AndroidManifest.xml:50:25-92
185            </intent-filter>
186        </receiver>
187    </application>
188
189</manifest>